<?xml version="1.0" encoding="UTF-8"?>
<robot generator="Robot 7.3.2 (Python 3.13.5 on win32)" generated="2025-09-22T17:45:40.205720" rpa="false" schemaversion="5">
<suite id="s1" name="Login" source="C:\TESTES\Automacao\login.robot">
<test id="s1-t1" name="Efetuar login com sucesso" line="17">
<kw name="Create Dictionary" owner="BuiltIn">
<msg time="2025-09-22T17:45:40.325626" level="INFO">&amp;{headers} = { Content-Type=application/json }</msg>
<var>&amp;{headers}</var>
<arg>Content-Type=application/json</arg>
<doc>Creates and returns a dictionary based on the given ``items``.</doc>
<status status="PASS" start="2025-09-22T17:45:40.325088" elapsed="0.000599"/>
</kw>
<kw name="Create Dictionary" owner="BuiltIn">
<msg time="2025-09-22T17:45:40.326349" level="INFO">&amp;{body} = { mail=sysadmin@qacoders.com | password=1234@Test }</msg>
<var>&amp;{body}</var>
<arg>mail=sysadmin@qacoders.com</arg>
<arg>password=1234@Test</arg>
<doc>Creates and returns a dictionary based on the given ``items``.</doc>
<status status="PASS" start="2025-09-22T17:45:40.326078" elapsed="0.000314"/>
</kw>
<kw name="Create Session" owner="RequestsLibrary">
<msg time="2025-09-22T17:45:40.327008" level="INFO">Creating Session using : alias=login, url=https://api-automacao.qacoders.dev.br/api/login, headers={},                     cookies={}, auth=None, timeout=None, proxies=None, verify=False,                     debug=0 </msg>
<arg>login</arg>
<arg>https://api-automacao.qacoders.dev.br/api/login</arg>
<arg>verify=False</arg>
<doc>Create Session: create a HTTP session to a server</doc>
<status status="PASS" start="2025-09-22T17:45:40.326697" elapsed="0.000601"/>
</kw>
<kw name="POST On Session" owner="RequestsLibrary">
<msg time="2025-09-22T17:45:41.992656" level="INFO">POST Request : url=https://api-automacao.qacoders.dev.br/api/login/ 
 path_url=/api/login/ 
 headers={'User-Agent': 'python-requests/2.32.5', 'Accept-Encoding': 'gzip, deflate', 'Accept': '*/*', 'Connection': 'keep-alive', 'Content-Type': 'application/json', 'Content-Length': '58'} 
 body=b'{"mail": "sysadmin@qacoders.com", "password": "1234@Test"}' 
 </msg>
<msg time="2025-09-22T17:45:41.992841" level="INFO">POST Response : url=https://api-automacao.qacoders.dev.br/api/login/ 
 status=200, reason=OK 
 headers={'Access-Control-Allow-Origin': '*', 'Content-Length': '1336', 'Content-Type': 'application/json; charset=utf-8', 'Date': 'Mon, 22 Sep 2025 20:45:35 GMT', 'Etag': 'W/"538-AyZTAPxKltl4zqMDnlVBQw7/AuM"', 'X-Powered-By': 'Express'} 
 body={"msg":"Olá Qa-Coders-SYSADMIN, autenticação autorizada com sucesso!","user":{"_id":"68d18e800cab0c9a2b3aa970","fullName":"Qa-Coders-SYSADMIN","mail":"sysadmin@qacoders.com","password":"$2b$10$kjHcuWYzpUjwB2XDz.BZ5ui9exuzhU3V/fapB559yFI4gH4G7nW06","accessProfile":"SYSADMIN","cpf":"11111111111","status":true,"audit":[{"registeredBy":{"userId":"111111111111111111","userLogin":"sysadmin@qacoders.com"},"registrationDate":"segunda-feira, 22/09/2025, 14:59:27 BRT","registrationNumber":"01","companyId":"Qa.Coders","_id":"68d18e800cab0c9a2b3aa971"}],"__v":0},"token":"eyJhbGciOiJIUzI1NiIsInR5cCI6IkpXVCJ9.eyJfaWQiOiI2OGQxOGU4MDBjYWIwYzlhMmIzYWE5NzAiLCJmdWxsTmFtZSI6IlFhLUNvZGVycy1TWVNBRE1JTiIsIm1haWwiOiJzeXNhZG1pbkBxYWNvZGVycy5jb20iLCJwYXNzd29yZCI6IiQyYiQxMCRrakhjdVdZenBVandCMlhEei5CWjV1aTlleHV6aFUzVi9mYXBCNTU5eUZJNGdINEc3blcwNiIsImFjY2Vzc1Byb2ZpbGUiOiJTWVNBRE1JTiIsImNwZiI6IjExMTExMTExMTExIiwic3RhdHVzIjp0cnVlLCJhdWRpdCI6W3sicmVnaXN0ZXJlZEJ5Ijp7InVzZXJJZCI6IjExMTExMTExMTExMTExMTExMSIsInVzZXJMb2dpbiI6InN5c2FkbWluQHFhY29kZXJzLmNvbSJ9LCJyZWdpc3RyYXRpb25EYXRlIjoic2VndW5kYS1mZWlyYSwgMjIvMDkvMjAyNSwgMTQ6NTk6MjcgQlJUIiwicmVnaXN0cmF0aW9uTnVtYmVyIjoiMDEiLCJjb21wYW55SWQiOiJRYS5Db2RlcnMiLCJfaWQiOiI2OGQxOGU4MDBjYWIwYzlhMmIzYWE5NzEifV0sIl9fdiI6MCwiaWF0IjoxNzU4NTczOTM1LCJleHAiOjE3NTg2NjAzMzV9.yMZJ8PsmpNSWm0mKA3xMXneyryXAcvnNs-uMH9m7jUc"} 
 </msg>
<msg time="2025-09-22T17:45:41.992959" level="INFO">C:\Users\gabriel.zacharias\AppData\Roaming\Python\Python313\site-packages\urllib3\connectionpool.py:1097: InsecureRequestWarning: Unverified HTTPS request is being made to host 'api-automacao.qacoders.dev.br'. Adding certificate verification is strongly advised. See: https://urllib3.readthedocs.io/en/latest/advanced-usage.html#tls-warnings
  warnings.warn(</msg>
<msg time="2025-09-22T17:45:41.993321" level="INFO">${responseBody} = &lt;Response [200]&gt;</msg>
<var>${responseBody}</var>
<arg>Login</arg>
<arg>/</arg>
<arg>json=${body}</arg>
<arg>headers=${headers}</arg>
<doc>Sends a POST request on a previously created HTTP Session.</doc>
<status status="PASS" start="2025-09-22T17:45:40.327526" elapsed="1.665844"/>
</kw>
<kw name="Log" owner="BuiltIn">
<msg time="2025-09-22T17:45:41.993925" level="INFO">&lt;Response [200]&gt;</msg>
<arg>${responseBody}</arg>
<doc>Logs the given message with the given level.</doc>
<status status="PASS" start="2025-09-22T17:45:41.993701" elapsed="0.000288"/>
</kw>
<doc>Cenário de autenticação do usuário com sucesso.</doc>
<status status="PASS" start="2025-09-22T17:45:40.323754" elapsed="1.670479"/>
</test>
<status status="PASS" start="2025-09-22T17:45:40.208081" elapsed="1.786980"/>
</suite>
<statistics>
<total>
<stat pass="1" fail="0" skip="0">All Tests</stat>
</total>
<tag>
</tag>
<suite>
<stat name="Login" id="s1" pass="1" fail="0" skip="0">Login</stat>
</suite>
</statistics>
<errors>
</errors>
</robot>
